TN:
SF:/home/rid/src/nodejs/shop/app/index.js
FN:11,(anonymous_0)
FN:18,(anonymous_1)
FNF:2
FNH:2
FNDA:1,(anonymous_0)
FNDA:1,(anonymous_1)
DA:6,1
DA:8,1
DA:9,1
DA:11,1
DA:12,1
DA:14,1
DA:15,1
DA:18,1
DA:19,1
LF:9
LH:9
BRDA:19,0,0,1
BRDA:19,0,1,0
BRF:2
BRH:1
end_of_record
TN:
SF:/home/rid/src/nodejs/shop/app/routes/index.js
FNF:0
FNH:0
LF:0
LH:0
BRF:0
BRH:0
end_of_record
TN:
SF:/home/rid/src/nodejs/shop/app/routes/orders/handlers.js
FN:1,(anonymous_0)
FN:7,(anonymous_1)
FN:13,(anonymous_2)
FN:22,(anonymous_3)
FNF:4
FNH:0
FNDA:0,(anonymous_0)
FNDA:0,(anonymous_1)
FNDA:0,(anonymous_2)
FNDA:0,(anonymous_3)
DA:1,1
DA:2,0
DA:7,1
DA:8,0
DA:13,1
DA:14,0
DA:16,0
DA:22,1
DA:23,0
DA:25,0
LF:10
LH:4
BRF:0
BRH:0
end_of_record
TN:
SF:/home/rid/src/nodejs/shop/app/routes/orders/index.js
FNF:0
FNH:0
DA:5,1
DA:7,1
DA:12,1
LF:3
LH:3
BRF:0
BRH:0
end_of_record
TN:
SF:/home/rid/src/nodejs/shop/app/routes/products/handlers.js
FN:1,(anonymous_0)
FN:10,(anonymous_1)
FN:14,(anonymous_2)
FN:27,(anonymous_3)
FN:33,(anonymous_4)
FNF:5
FNH:0
FNDA:0,(anonymous_0)
FNDA:0,(anonymous_1)
FNDA:0,(anonymous_2)
FNDA:0,(anonymous_3)
FNDA:0,(anonymous_4)
DA:1,1
DA:2,0
DA:7,0
DA:10,1
DA:11,0
DA:14,1
DA:15,0
DA:17,0
DA:18,0
DA:23,0
DA:27,1
DA:28,0
DA:33,1
DA:34,0
LF:14
LH:5
BRDA:17,0,0,0
BRDA:17,0,1,0
BRF:2
BRH:0
end_of_record
TN:
SF:/home/rid/src/nodejs/shop/app/routes/products/index.js
FNF:0
FNH:0
DA:5,1
DA:7,1
DA:12,1
LF:3
LH:3
BRF:0
BRH:0
end_of_record
